Build started 20/02/2013 10:10:40.
     1>Project "C:\Users\Big L\documents\visual studio 2010\Projects\MemoryAllocation\MemoryAllocation.vcxproj" on node 2 (build target(s)).
     1>InitializeBuildStatus:
         Creating "Debug\MemoryAllocation.unsuccessfulbuild" because "AlwaysCreate" was specified.
       ClCompile:
         c:\Program Files\Microsoft Visual Studio 10.0\VC\bin\CL.exe /c /ZI /nologo /W3 /WX- /Od /Oy- /D WIN32 /D _DEBUG /D _CONSOLE /D _UNICODE /D UNICODE /Gm /EHsc /RTC1 /MDd /GS /fp:precise /Zc:wchar_t /Zc:forScope /Fo"Debug\\" /Fd"Debug\vc100.pdb" /Gd /TP /analyze- /errorReport:prompt main.cpp
         main.cpp
       ManifestResourceCompile:
         All outputs are up-to-date.
       Link:
         c:\Program Files\Microsoft Visual Studio 10.0\VC\bin\link.exe /ERRORREPORT:PROMPT /OUT:"C:\Users\Big L\documents\visual studio 2010\Projects\MemoryAllocation\Debug\MemoryAllocation.exe" /INCREMENTAL /NOLOGO kernel32.lib user32.lib gdi32.lib winspool.lib comdlg32.lib advapi32.lib shell32.lib ole32.lib oleaut32.lib uuid.lib odbc32.lib odbccp32.lib /MANIFEST /ManifestFile:"Debug\MemoryAllocation.exe.intermediate.manifest" /MANIFESTUAC:"level='asInvoker' uiAccess='false'" /DEBUG /PDB:"C:\Users\Big L\documents\visual studio 2010\Projects\MemoryAllocation\Debug\MemoryAllocation.pdb" /SUBSYSTEM:CONSOLE /TLBID:1 /DYNAMICBASE /NXCOMPAT /IMPLIB:"C:\Users\Big L\documents\visual studio 2010\Projects\MemoryAllocation\Debug\MemoryAllocation.lib" /MACHINE:X86 Debug\MemoryAllocation.exe.embed.manifest.res
         Debug\main.obj
         Debug\MyMalloc.obj
       Manifest:
         C:\Program Files\Microsoft SDKs\Windows\v7.0A\bin\mt.exe /nologo /verbose /out:"Debug\MemoryAllocation.exe.embed.manifest" /manifest Debug\MemoryAllocation.exe.intermediate.manifest
         All outputs are up-to-date.
       LinkEmbedManifest:
         All outputs are up-to-date.
         MemoryAllocation.vcxproj -> C:\Users\Big L\documents\visual studio 2010\Projects\MemoryAllocation\Debug\MemoryAllocation.exe
       FinalizeBuildStatus:
         Deleting file "Debug\MemoryAllocation.unsuccessfulbuild".
         Touching "Debug\MemoryAllocation.lastbuildstate".
     1>Done Building Project "C:\Users\Big L\documents\visual studio 2010\Projects\MemoryAllocation\MemoryAllocation.vcxproj" (build target(s)).

Build succeeded.

Time Elapsed 00:00:01.15
